app/build/outputs/logs/manifest-merger-debug-report.txt
-- Merging decision tree log ---
manifest
ADDED from src\main\AndroidManifest.xml:2:1-96:12
	package
		ADDED from src\main\AndroidManifest.xml:3:5-41
		INJECTED from src\main\AndroidManifest.xml
		INJECTED from src\main\AndroidManifest.xml
	android:versionName
		INJECTED from src\main\AndroidManifest.xml
		INJECTED from src\main\AndroidManifest.xml
	xmlns:android
		ADDED from src\main\AndroidManifest.xml:2:11-69
	android:versionCode
		INJECTED from src\main\AndroidManifest.xml
		INJECTED from src\main\AndroidManifest.xml
uses-permission#android.permission.INTERNET
ADDED from src\main\AndroidManifest.xml:5:5-67
	android:name
		ADDED from src\main\AndroidManifest.xml:5:22-64
uses-permission#android.permission.ACCESS_NETWORK_STATE
ADDED from src\main\AndroidManifest.xml:6:5-79
	android:name
		ADDED from src\main\AndroidManifest.xml:6:22-76
uses-permission#android.permission.ACCESS_WIFI_STATE
ADDED from src\main\AndroidManifest.xml:7:5-76
	android:name
		ADDED from src\main\AndroidManifest.xml:7:22-73
application
ADDED from src\main\AndroidManifest.xml:9:5-95:19
MERGED from [com.android.support.constraint:constraint-layout:1.0.2] AndroidManifest.xml:9:5-20
MERGED from [com.android.support:design:25.3.1] AndroidManifest.xml:29:5-20
MERGED from [com.android.support:transition:25.3.1] AndroidManifest.xml:26:5-20
MERGED from [com.android.support:cardview-v7:25.3.1] AndroidManifest.xml:26:5-20
MERGED from [com.github.Hitomis:CircleMenu:v1.1.0] AndroidManifest.xml:11:5-15:19
MERGED from [com.android.support:appcompat-v7:25.3.1] AndroidManifest.xml:29:5-20
MERGED from [com.android.support:support-v4:25.3.1] AndroidManifest.xml:29:5-20
MERGED from [com.android.support:support-fragment:25.3.1] AndroidManifest.xml:29:5-20
MERGED from [com.android.support:support-media-compat:25.3.1] AndroidManifest.xml:29:5-20
MERGED from [com.android.support:support-core-ui:25.3.1] AndroidManifest.xml:29:5-20
MERGED from [com.android.support:support-core-utils:25.3.1] AndroidManifest.xml:29:5-20
MERGED from [com.android.support:animated-vector-drawable:25.3.1] AndroidManifest.xml:26:5-20
MERGED from [com.android.support:support-vector-drawable:25.3.1] AndroidManifest.xml:26:5-20
MERGED from [com.android.support:support-compat:25.3.1] AndroidManifest.xml:29:5-20
MERGED from [com.github.chenupt.android:springindicator:1.0.2] AndroidManifest.xml:11:5-20
MERGED from [com.github.chenupt.android:multiplemodel:1.1.0] AndroidManifest.xml:11:5-20
MERGED from [com.android.volley:volley:1.0.0] AndroidManifest.xml:9:5-20
	android:label
		ADDED from src\main\AndroidManifest.xml:13:9-41
	android:supportsRtl
		ADDED from src\main\AndroidManifest.xml:15:9-35
	android:roundIcon
		ADDED from src\main\AndroidManifest.xml:14:9-54
	android:allowBackup
		ADDED from src\main\AndroidManifest.xml:11:9-35
	android:icon
		ADDED from src\main\AndroidManifest.xml:12:9-43
	android:theme
		ADDED from src\main\AndroidManifest.xml:16:9-40
	android:name
		ADDED from src\main\AndroidManifest.xml:10:9-41
activity#com.tiptap.tda_user.tiptap.main.activity.view.splash.Splash
ADDED from src\main\AndroidManifest.xml:17:9-22:20
	android:name
		ADDED from src\main\AndroidManifest.xml:17:19-67
intent-filter#android.intent.action.MAIN+android.intent.category.LAUNCHER
ADDED from src\main\AndroidManifest.xml:18:13-21:29
action#android.intent.action.MAIN
ADDED from src\main\AndroidManifest.xml:19:17-69
	android:name
		ADDED from src\main\AndroidManifest.xml:19:25-66
category#android.intent.category.LAUNCHER
ADDED from src\main\AndroidManifest.xml:20:17-77
	android:name
		ADDED from src\main\AndroidManifest.xml:20:27-74
activity#com.tiptap.tda_user.tiptap.main.activity.view.language.Language
ADDED from src\main\AndroidManifest.xml:23:9-24:67
	android:name
		ADDED from src\main\AndroidManifest.xml:24:13-65
activity#com.tiptap.tda_user.tiptap.main.activity.view.function.Function
ADDED from src\main\AndroidManifest.xml:25:9-26:67
	android:name
		ADDED from src\main\AndroidManifest.xml:26:13-65
activity#com.tiptap.tda_user.tiptap.main.activity.view.lesson.Lesson
ADDED from src\main\AndroidManifest.xml:27:9-28:63
	android:name
		ADDED from src\main\AndroidManifest.xml:28:13-61
activity#com.tiptap.tda_user.tiptap.main.activity.view.activity.Act_1
ADDED from src\main\AndroidManifest.xml:29:9-30:64
	android:name
		ADDED from src\main\AndroidManifest.xml:30:13-62
activity#com.tiptap.tda_user.tiptap.main.activity.view.activity.Act_2
ADDED from src\main\AndroidManifest.xml:31:9-32:64
	android:name
		ADDED from src\main\AndroidManifest.xml:32:13-62
activity#com.tiptap.tda_user.tiptap.main.activity.view.activity.Act_3
ADDED from src\main\AndroidManifest.xml:33:9-34:64
	android:name
		ADDED from src\main\AndroidManifest.xml:34:13-62
activity#com.tiptap.tda_user.tiptap.main.activity.view.activity.Act_4
ADDED from src\main\AndroidManifest.xml:35:9-36:64
	android:name
		ADDED from src\main\AndroidManifest.xml:36:13-62
activity#com.tiptap.tda_user.tiptap.main.activity.view.activity.Act_5
ADDED from src\main\AndroidManifest.xml:37:9-38:64
	android:name
		ADDED from src\main\AndroidManifest.xml:38:13-62
activity#com.tiptap.tda_user.tiptap.main.activity.view.activity.Act_6
ADDED from src\main\AndroidManifest.xml:39:9-40:64
	android:name
		ADDED from src\main\AndroidManifest.xml:40:13-62
activity#com.tiptap.tda_user.tiptap.main.activity.view.activity.Act_7
ADDED from src\main\AndroidManifest.xml:41:9-42:64
	android:name
		ADDED from src\main\AndroidManifest.xml:42:13-62
activity#com.tiptap.tda_user.tiptap.main.activity.view.activity.Act_8
ADDED from src\main\AndroidManifest.xml:43:9-44:64
	android:name
		ADDED from src\main\AndroidManifest.xml:44:13-62
activity#com.tiptap.tda_user.tiptap.main.activity.view.activity.Act_9
ADDED from src\main\AndroidManifest.xml:45:9-46:64
	android:name
		ADDED from src\main\AndroidManifest.xml:46:13-62
activity#com.tiptap.tda_user.tiptap.main.activity.view.activity.Act_10
ADDED from src\main\AndroidManifest.xml:47:9-48:65
	android:name
		ADDED from src\main\AndroidManifest.xml:48:13-63
activity#com.tiptap.tda_user.tiptap.main.activity.view.activity.Act_11
ADDED from src\main\AndroidManifest.xml:49:9-50:65
	android:name
		ADDED from src\main\AndroidManifest.xml:50:13-63
activity#com.tiptap.tda_user.tiptap.main.activity.view.activity.Act_12
ADDED from src\main\AndroidManifest.xml:51:9-52:65
	android:name
		ADDED from src\main\AndroidManifest.xml:52:13-63
activity#com.tiptap.tda_user.tiptap.main.activity.view.activity.Act_13
ADDED from src\main\AndroidManifest.xml:53:9-54:65
	android:name
		ADDED from src\main\AndroidManifest.xml:54:13-63
activity#com.tiptap.tda_user.tiptap.main.activity.view.activity.Act_14
ADDED from src\main\AndroidManifest.xml:55:9-56:65
	android:name
		ADDED from src\main\AndroidManifest.xml:56:13-63
activity#com.tiptap.tda_user.tiptap.main.activity.view.activity.Act_15
ADDED from src\main\AndroidManifest.xml:57:9-58:65
	android:name
		ADDED from src\main\AndroidManifest.xml:58:13-63
activity#com.tiptap.tda_user.tiptap.main.activity.view.activity.Act_16
ADDED from src\main\AndroidManifest.xml:59:9-60:65
	android:name
		ADDED from src\main\AndroidManifest.xml:60:13-63
activity#com.tiptap.tda_user.tiptap.main.activity.view.activity.Act_17
ADDED from src\main\AndroidManifest.xml:61:9-62:65
	android:name
		ADDED from src\main\AndroidManifest.xml:62:13-63
activity#com.tiptap.tda_user.tiptap.main.activity.view.activity.Act_18
ADDED from src\main\AndroidManifest.xml:63:9-64:65
	android:name
		ADDED from src\main\AndroidManifest.xml:64:13-63
activity#com.tiptap.tda_user.tiptap.main.activity.view.activity.Act_19
ADDED from src\main\AndroidManifest.xml:65:9-66:65
	android:name
		ADDED from src\main\AndroidManifest.xml:66:13-63
activity#com.tiptap.tda_user.tiptap.main.activity.view.activity.Act_20
ADDED from src\main\AndroidManifest.xml:67:9-68:65
	android:name
		ADDED from src\main\AndroidManifest.xml:68:13-63
activity#com.tiptap.tda_user.tiptap.main.activity.view.activity.Act_21
ADDED from src\main\AndroidManifest.xml:69:9-70:65
	android:name
		ADDED from src\main\AndroidManifest.xml:70:13-63
activity#com.tiptap.tda_user.tiptap.main.activity.view.activity.Act_22
ADDED from src\main\AndroidManifest.xml:71:9-72:65
	android:name
		ADDED from src\main\AndroidManifest.xml:72:13-63
activity#com.tiptap.tda_user.tiptap.main.activity.view.activity.Act_23
ADDED from src\main\AndroidManifest.xml:73:9-74:65
	android:name
		ADDED from src\main\AndroidManifest.xml:74:13-63
activity#com.tiptap.tda_user.tiptap.main.activity.view.activity.Act_24
ADDED from src\main\AndroidManifest.xml:75:9-76:65
	android:name
		ADDED from src\main\AndroidManifest.xml:76:13-63
activity#com.tiptap.tda_user.tiptap.main.activity.view.activity.Act_25
ADDED from src\main\AndroidManifest.xml:77:9-78:65
	android:name
		ADDED from src\main\AndroidManifest.xml:78:13-63
activity#com.tiptap.tda_user.tiptap.main.activity.view.activity.Act_26
ADDED from src\main\AndroidManifest.xml:79:9-80:65
	android:name
		ADDED from src\main\AndroidManifest.xml:80:13-63
activity#com.tiptap.tda_user.tiptap.main.activity.view.activity.Act_27
ADDED from src\main\AndroidManifest.xml:81:9-82:65
	android:name
		ADDED from src\main\AndroidManifest.xml:82:13-63
activity#com.tiptap.tda_user.tiptap.main.activity.view.activity.Act_28
ADDED from src\main\AndroidManifest.xml:83:9-84:65
	android:name
		ADDED from src\main\AndroidManifest.xml:84:13-63
activity#com.tiptap.tda_user.tiptap.main.activity.view.activity.Act_29
ADDED from src\main\AndroidManifest.xml:85:9-86:65
	android:name
		ADDED from src\main\AndroidManifest.xml:86:13-63
activity#com.tiptap.tda_user.tiptap.main.activity.view.activity.Act_30
ADDED from src\main\AndroidManifest.xml:87:9-88:65
	android:name
		ADDED from src\main\AndroidManifest.xml:88:13-63
activity#com.tiptap.tda_user.tiptap.main.activity.view.activity.Act_31
ADDED from src\main\AndroidManifest.xml:89:9-90:65
	android:name
		ADDED from src\main\AndroidManifest.xml:90:13-63
activity#com.tiptap.tda_user.tiptap.main.activity.view.activity.Act_32
ADDED from src\main\AndroidManifest.xml:91:9-92:65
	android:name
		ADDED from src\main\AndroidManifest.xml:92:13-63
activity#com.tiptap.tda_user.tiptap.main.activity.view.activity.Act_33
ADDED from src\main\AndroidManifest.xml:93:9-94:65
	android:name
		ADDED from src\main\AndroidManifest.xml:94:13-63
uses-sdk
INJECTED from src\main\AndroidManifest.xml reason: use-sdk injection requested
MERGED from [com.android.support.constraint:constraint-layout:1.0.2] AndroidManifest.xml:5:5-7:41
MERGED from [com.android.support:design:25.3.1] AndroidManifest.xml:21:5-23:62
MERGED from [com.android.support:recyclerview-v7:25.3.1] AndroidManifest.xml:20:5-43
MERGED from [com.android.support:transition:25.3.1] AndroidManifest.xml:20:5-44
MERGED from [com.android.support:cardview-v7:25.3.1] AndroidManifest.xml:20:5-43
MERGED from [com.github.Hitomis:CircleMenu:v1.1.0] AndroidManifest.xml:7:5-9:41
MERGED from [com.android.support:appcompat-v7:25.3.1] AndroidManifest.xml:21:5-23:78
MERGED from [com.android.support:support-v4:25.3.1] AndroidManifest.xml:21:5-23:54
MERGED from [com.android.support:support-fragment:25.3.1] AndroidManifest.xml:21:5-23:60
MERGED from [com.android.support:support-media-compat:25.3.1] AndroidManifest.xml:21:5-23:63
MERGED from [com.android.support:support-core-ui:25.3.1] AndroidManifest.xml:21:5-23:58
MERGED from [com.android.support:support-core-utils:25.3.1] AndroidManifest.xml:21:5-23:61
MERGED from [com.android.support:animated-vector-drawable:25.3.1] AndroidManifest.xml:20:5-44
MERGED from [com.android.support:support-vector-drawable:25.3.1] AndroidManifest.xml:20:5-43
MERGED from [com.android.support:support-compat:25.3.1] AndroidManifest.xml:21:5-23:58
MERGED from [com.github.chenupt.android:springindicator:1.0.2] AndroidManifest.xml:7:5-9:41
MERGED from [com.github.chenupt.android:multiplemodel:1.1.0] AndroidManifest.xml:7:5-9:41
MERGED from [com.android.volley:volley:1.0.0] AndroidManifest.xml:7:5-43
	tools:overrideLibrary
		ADDED from [com.android.support:design:25.3.1] AndroidManifest.xml:23:9-59
	android:targetSdkVersion
		INJECTED from src\main\AndroidManifest.xml
		INJECTED from src\main\AndroidManifest.xml
	android:minSdkVersion
		INJECTED from src\main\AndroidManifest.xml
		INJECTED from src\main\AndroidManifest.xml
meta-data#android.support.VERSION
ADDED from [com.android.support:design:25.3.1] AndroidManifest.xml:25:5-27:34
MERGED from [com.android.support:recyclerview-v7:25.3.1] AndroidManifest.xml:22:5-24:34
MERGED from [com.android.support:transition:25.3.1] AndroidManifest.xml:22:5-24:34
MERGED from [com.android.support:cardview-v7:25.3.1] AndroidManifest.xml:22:5-24:34
MERGED from [com.android.support:appcompat-v7:25.3.1] AndroidManifest.xml:25:5-27:34
MERGED from [com.android.support:support-v4:25.3.1] AndroidManifest.xml:25:5-27:34
MERGED from [com.android.support:support-fragment:25.3.1] AndroidManifest.xml:25:5-27:34
MERGED from [com.android.support:support-media-compat:25.3.1] AndroidManifest.xml:25:5-27:34
MERGED from [com.android.support:support-core-ui:25.3.1] AndroidManifest.xml:25:5-27:34
MERGED from [com.android.support:support-core-utils:25.3.1] AndroidManifest.xml:25:5-27:34
MERGED from [com.android.support:animated-vector-drawable:25.3.1] AndroidManifest.xml:22:5-24:34
MERGED from [com.android.support:support-vector-drawable:25.3.1] AndroidManifest.xml:22:5-24:34
MERGED from [com.android.support:support-compat:25.3.1] AndroidManifest.xml:25:5-27:34
	android:value
		ADDED from [com.android.support:design:25.3.1] AndroidManifest.xml:27:9-31
	android:name
		ADDED from [com.android.support:design:25.3.1] AndroidManifest.xml:26:9-47